www/Shine_Wash/build/app/intermediates/manifest_merge_blame_file/debug/manifest-merger-blame-debug-report.txt
1<?xml version="1.0" encoding="utf-8"?>
2<manifest xmlns:android="http://schemas.android.com/apk/res/android"
3    package="com.shinewash"
4    android:versionCode="1"
5    android:versionName="1.0.0" >
6
7    <uses-sdk
8        android:minSdkVersion="21"
9        android:targetSdkVersion="29" />
10    <!--
11         Flutter needs it to communicate with the running application
12         to allow setting breakpoints, to provide hot reload, etc.
13    -->
14    <uses-permission android:name="android.permission.INTERNET" />
14-->src\debug\AndroidManifest.xml:6:5-66
14-->src\debug\AndroidManifest.xml:6:22-64
15    <uses-permission android:name="android.permission.ACCESS_FINE_LOCATION" />
15-->src\main\AndroidManifest.xml:54:5-55:66
15-->src\main\AndroidManifest.xml:55:9-63
16    <uses-permission android:name="android.permission.ACCESS_COARSE_LOCATION" />
16-->src\main\AndroidManifest.xml:57:5-58:68
16-->src\main\AndroidManifest.xml:58:9-65
17    <uses-permission android:name="android.permission.ACCESS_NETWORK_STATE" /> <!-- Create a unique permission for your app and use it so only your app can receive your OneSignal messages. -->
17-->[:connectivity] AndroidManifest.xml:7:5-79
17-->[:connectivity] AndroidManifest.xml:7:22-76
18    <permission
18-->[com.onesignal:OneSignal:4.6.3] AndroidManifest.xml:7:5-9:47
19        android:name="com.shinewash.permission.C2D_MESSAGE"
19-->[com.onesignal:OneSignal:4.6.3] AndroidManifest.xml:8:9-63
20        android:protectionLevel="signature" />
20-->[com.onesignal:OneSignal:4.6.3] AndroidManifest.xml:9:9-44
21
22    <uses-permission android:name="com.shinewash.permission.C2D_MESSAGE" /> <!-- c2dm RECEIVE are basic requirements for push messages through Google's FCM -->
22-->[com.onesignal:OneSignal:4.6.3] AndroidManifest.xml:11:5-79
22-->[com.onesignal:OneSignal:4.6.3] AndroidManifest.xml:11:22-76
23    <uses-permission android:name="com.google.android.c2dm.permission.RECEIVE" /> <!-- Required, makes sure notifications are delivered on time. -->
23-->[com.onesignal:OneSignal:4.6.3] AndroidManifest.xml:17:5-82
23-->[com.onesignal:OneSignal:4.6.3] AndroidManifest.xml:17:22-79
24    <uses-permission android:name="android.permission.WAKE_LOCK" />
24-->[com.onesignal:OneSignal:4.6.3] AndroidManifest.xml:18:5-68
24-->[com.onesignal:OneSignal:4.6.3] AndroidManifest.xml:18:22-65
25    <!--
26 Required so the device vibrates on receiving a push notification.
27         Vibration settings of the device still apply.
28    -->
29    <uses-permission android:name="android.permission.VIBRATE" />
29-->[com.onesignal:OneSignal:4.6.3] AndroidManifest.xml:23:5-66
29-->[com.onesignal:OneSignal:4.6.3] AndroidManifest.xml:23:22-63
30    <!--
31 Use to restore notifications the user hasn't interacted with.
32         They could be missed notifications if the user reboots their device if this isn't in place.
33    -->
34    <uses-permission android:name="android.permission.RECEIVE_BOOT_COMPLETED" /> <!-- START: ShortcutBadger -->
34-->[com.onesignal:OneSignal:4.6.3] AndroidManifest.xml:29:5-81
34-->[com.onesignal:OneSignal:4.6.3] AndroidManifest.xml:29:22-78
35    <!-- Samsung -->
36    <uses-permission android:name="com.sec.android.provider.badge.permission.READ" />
36-->[com.onesignal:OneSignal:4.6.3] AndroidManifest.xml:31:5-86
36-->[com.onesignal:OneSignal:4.6.3] AndroidManifest.xml:31:22-83
37    <uses-permission android:name="com.sec.android.provider.badge.permission.WRITE" /> <!-- HTC -->
37-->[com.onesignal:OneSignal:4.6.3] AndroidManifest.xml:32:5-87
37-->[com.onesignal:OneSignal:4.6.3] AndroidManifest.xml:32:22-84
38    <uses-permission android:name="com.htc.launcher.permission.READ_SETTINGS" />
38-->[com.onesignal:OneSignal:4.6.3] AndroidManifest.xml:33:5-81
38-->[com.onesignal:OneSignal:4.6.3] AndroidManifest.xml:33:22-78
39    <uses-permission android:name="com.htc.launcher.permission.UPDATE_SHORTCUT" /> <!-- Sony -->
39-->[com.onesignal:OneSignal:4.6.3] AndroidManifest.xml:34:5-83
39-->[com.onesignal:OneSignal:4.6.3] AndroidManifest.xml:34:22-80
40    <uses-permission android:name="com.sonyericsson.home.permission.BROADCAST_BADGE" />
40-->[com.onesignal:OneSignal:4.6.3] AndroidManifest.xml:35:5-88
40-->[com.onesignal:OneSignal:4.6.3] AndroidManifest.xml:35:22-85
41    <uses-permission android:name="com.sonymobile.home.permission.PROVIDER_INSERT_BADGE" /> <!-- Apex -->
41-->[com.onesignal:OneSignal:4.6.3] AndroidManifest.xml:36:5-92
41-->[com.onesignal:OneSignal:4.6.3] AndroidManifest.xml:36:22-89
42    <uses-permission android:name="com.anddoes.launcher.permission.UPDATE_COUNT" /> <!-- Solid -->
42-->[com.onesignal:OneSignal:4.6.3] AndroidManifest.xml:37:5-84
42-->[com.onesignal:OneSignal:4.6.3] AndroidManifest.xml:37:22-81
43    <uses-permission android:name="com.majeur.launcher.permission.UPDATE_BADGE" /> <!-- Huawei -->
43-->[com.onesignal:OneSignal:4.6.3] AndroidManifest.xml:38:5-83
43-->[com.onesignal:OneSignal:4.6.3] AndroidManifest.xml:38:22-80
44    <uses-permission android:name="com.huawei.android.launcher.permission.CHANGE_BADGE" />
44-->[com.onesignal:OneSignal:4.6.3] AndroidManifest.xml:39:5-91
44-->[com.onesignal:OneSignal:4.6.3] AndroidManifest.xml:39:22-88
45    <uses-permission android:name="com.huawei.android.launcher.permission.READ_SETTINGS" />
45-->[com.onesignal:OneSignal:4.6.3] AndroidManifest.xml:40:5-92
45-->[com.onesignal:OneSignal:4.6.3] AndroidManifest.xml:40:22-89
46    <uses-permission android:name="com.huawei.android.launcher.permission.WRITE_SETTINGS" /> <!-- ZUK -->
46-->[com.onesignal:OneSignal:4.6.3] AndroidManifest.xml:41:5-93
46-->[com.onesignal:OneSignal:4.6.3] AndroidManifest.xml:41:22-90
47    <uses-permission android:name="android.permission.READ_APP_BADGE" /> <!-- OPPO -->
47-->[com.onesignal:OneSignal:4.6.3] AndroidManifest.xml:42:5-73
47-->[com.onesignal:OneSignal:4.6.3] AndroidManifest.xml:42:22-70
48    <uses-permission android:name="com.oppo.launcher.permission.READ_SETTINGS" />
48-->[com.onesignal:OneSignal:4.6.3] AndroidManifest.xml:43:5-82
48-->[com.onesignal:OneSignal:4.6.3] AndroidManifest.xml:43:22-79
49    <uses-permission android:name="com.oppo.launcher.permission.WRITE_SETTINGS" /> <!-- EvMe -->
49-->[com.onesignal:OneSignal:4.6.3] AndroidManifest.xml:44:5-83
49-->[com.onesignal:OneSignal:4.6.3] AndroidManifest.xml:44:22-80
50    <uses-permission android:name="me.everything.badger.permission.BADGE_COUNT_READ" />
50-->[com.onesignal:OneSignal:4.6.3] AndroidManifest.xml:45:5-88
50-->[com.onesignal:OneSignal:4.6.3] AndroidManifest.xml:45:22-85
51    <uses-permission android:name="me.everything.badger.permission.BADGE_COUNT_WRITE" /> <!-- See https://developer.android.com/training/package-visibility/declaring for more details. -->
51-->[com.onesignal:OneSignal:4.6.3] AndroidManifest.xml:46:5-89
51-->[com.onesignal:OneSignal:4.6.3] AndroidManifest.xml:46:22-86
52    <queries>
52-->[com.stripe:payments-core:16.10.0] AndroidManifest.xml:10:5-14:15
53
54        <!-- Added to check if Chrome is installed for browser-based payment authentication (e.g. 3DS1). -->
55        <package android:name="com.android.chrome" />
55-->[com.stripe:payments-core:16.10.0] AndroidManifest.xml:13:9-54
55-->[com.stripe:payments-core:16.10.0] AndroidManifest.xml:13:18-51
56    </queries>
57
58    <uses-permission android:name="android.permission.FOREGROUND_SERVICE" />
58-->[androidx.work:work-runtime:2.7.1] AndroidManifest.xml:28:5-77
58-->[androidx.work:work-runtime:2.7.1] AndroidManifest.xml:28:22-74
59
60    <uses-feature
60-->[com.google.android.gms:play-services-maps:17.0.0] AndroidManifest.xml:26:5-28:35
61        android:glEsVersion="0x00020000"
61-->[com.google.android.gms:play-services-maps:17.0.0] AndroidManifest.xml:27:9-41
62        android:required="true" />
62-->[com.google.android.gms:play-services-maps:17.0.0] AndroidManifest.xml:28:9-32
63    <!--
64 io.flutter.app.FlutterApplication is an android.app.Application that
65         calls FlutterMain.startInitialization(this); in its onCreate method.
66         In most cases you can leave this as-is, but you if you want to provide
67         additional functionality it is fine to subclass or reimplement
68         FlutterApplication and put your custom class here.
69    -->
70    <application
70-->src\main\AndroidManifest.xml:8:5-53:19
71        android:name="io.flutter.app.FlutterApplication"
71-->src\main\AndroidManifest.xml:9:9-57
72        android:appComponentFactory="androidx.core.app.CoreComponentFactory"
72-->[androidx.core:core:1.6.0] AndroidManifest.xml:24:18-86
73        android:debuggable="true"
74        android:icon="@mipmap/ic_launcher"
74-->src\main\AndroidManifest.xml:12:9-43
75        android:label="Shinewash"
75-->src\main\AndroidManifest.xml:11:9-34
76        android:theme="@style/Theme.AppCompat.Light.NoActionBar"
76-->[:stripe_payment] AndroidManifest.xml:11:18-74
77        android:usesCleartextTraffic="true" >
77-->src\main\AndroidManifest.xml:10:9-44
78        <meta-data
78-->src\main\AndroidManifest.xml:14:9-15:64
79            android:name="com.google.android.geo.API_KEY"
79-->src\main\AndroidManifest.xml:14:20-65
80            android:value="ENTER_YOUR_GOOGLE_MAP_ANDROID_KEY" />
80-->src\main\AndroidManifest.xml:15:13-62
81
82        <activity
82-->src\main\AndroidManifest.xml:18:9-47:20
83            android:name="com.shinewash.MainActivity"
83-->src\main\AndroidManifest.xml:19:13-41
84            android:configChanges="orientation|keyboardHidden|keyboard|screenSize|smallestScreenSize|locale|layoutDirection|fontScale|screenLayout|density|uiMode"
84-->src\main\AndroidManifest.xml:22:13-163
85            android:hardwareAccelerated="true"
85-->src\main\AndroidManifest.xml:23:13-47
86            android:launchMode="singleTop"
86-->src\main\AndroidManifest.xml:20:13-43
87            android:theme="@style/LaunchTheme"
87-->src\main\AndroidManifest.xml:21:13-47
88            android:windowSoftInputMode="adjustResize" >
88-->src\main\AndroidManifest.xml:24:13-55
89
90            <!--
91                 Specifies an Android theme to apply to this Activity as soon as
92                 the Android process has started. This theme is visible to the user
93                 while the Flutter UI initializes. After that, this theme continues
94                 to determine the Window background behind the Flutter UI.
95            -->
96            <meta-data
96-->src\main\AndroidManifest.xml:30:13-33:17
97                android:name="io.flutter.embedding.android.NormalTheme"
97-->src\main\AndroidManifest.xml:31:15-70
98                android:resource="@style/NormalTheme" />
98-->src\main\AndroidManifest.xml:32:15-52
99            <!--
100                 Displays an Android View that continues showing the launch screen
101                 Drawable until Flutter paints its first frame, then this splash
102                 screen fades out. A splash screen is useful to avoid any visual
103                 gap between the end of Android's launch screen and the painting of
104                 Flutter's first frame.
105            -->
106            <meta-data
106-->src\main\AndroidManifest.xml:39:13-42:17
107                android:name="io.flutter.embedding.android.SplashScreenDrawable"
107-->src\main\AndroidManifest.xml:40:15-79
108                android:resource="@drawable/launch_background" />
108-->src\main\AndroidManifest.xml:41:15-61
109
110            <intent-filter>
110-->src\main\AndroidManifest.xml:43:13-46:29
111                <action android:name="android.intent.action.MAIN" />
111-->src\main\AndroidManifest.xml:44:17-68
111-->src\main\AndroidManifest.xml:44:25-66
112
113                <category android:name="android.intent.category.LAUNCHER" />
113-->src\main\AndroidManifest.xml:45:17-76
113-->src\main\AndroidManifest.xml:45:27-74
114            </intent-filter>
115        </activity>
116        <!--
117             Don't delete the meta-data below.
118             This is used by the Flutter tool to generate GeneratedPluginRegistrant.java
119        -->
120        <meta-data
120-->src\main\AndroidManifest.xml:50:9-52:33
121            android:name="flutterEmbedding"
121-->src\main\AndroidManifest.xml:51:13-44
122            android:value="2" />
122-->src\main\AndroidManifest.xml:52:13-30
123
124        <activity
124-->[:flutter_paystack] AndroidManifest.xml:10:9-12:54
125            android:name="co.paystack.flutterpaystack.AuthActivity"
125-->[:flutter_paystack] AndroidManifest.xml:11:13-68
126            android:theme="@style/Paystack.Dialog" />
126-->[:flutter_paystack] AndroidManifest.xml:12:13-51
127
128        <meta-data
128-->[:stripe_payment] AndroidManifest.xml:12:9-14:36
129            android:name="com.google.android.gms.wallet.api.enabled"
129-->[:stripe_payment] AndroidManifest.xml:13:13-69
130            android:value="true" />
130-->[:stripe_payment] AndroidManifest.xml:14:13-33
131
132        <activity
132-->[:stripe_payment] AndroidManifest.xml:16:9-20:75
133            android:name="com.gettipsi.stripe.OpenBrowserActivity"
133-->[:stripe_payment] AndroidManifest.xml:17:13-67
134            android:exported="false"
134-->[:stripe_payment] AndroidManifest.xml:18:13-37
135            android:launchMode="singleTask"
135-->[:stripe_payment] AndroidManifest.xml:19:13-44
136            android:theme="@android:style/Theme.Translucent.NoTitleBar" />
136-->[:stripe_payment] AndroidManifest.xml:20:13-72
137        <activity
137-->[:stripe_payment] AndroidManifest.xml:21:9-34:20
138            android:name="com.gettipsi.stripe.RedirectUriReceiver"
138-->[:stripe_payment] AndroidManifest.xml:22:13-67
139            android:exported="true"
139-->[:stripe_payment] AndroidManifest.xml:23:13-36
140            android:launchMode="singleTask"
140-->[:stripe_payment] AndroidManifest.xml:24:13-44
141            android:theme="@android:style/Theme.Translucent.NoTitleBar.Fullscreen" >
141-->[:stripe_payment] AndroidManifest.xml:25:13-83
142            <intent-filter>
142-->[:stripe_payment] AndroidManifest.xml:26:13-33:29
143                <action android:name="android.intent.action.VIEW" />
143-->[:stripe_payment] AndroidManifest.xml:27:17-69
143-->[:stripe_payment] AndroidManifest.xml:27:25-66
144
145                <category android:name="android.intent.category.DEFAULT" />
145-->[:stripe_payment] AndroidManifest.xml:29:17-76
145-->[:stripe_payment] AndroidManifest.xml:29:27-73
146                <category android:name="android.intent.category.BROWSABLE" />
146-->[:stripe_payment] AndroidManifest.xml:30:17-78
146-->[:stripe_payment] AndroidManifest.xml:30:27-75
147
148                <data android:scheme="example" />
148-->[:stripe_payment] AndroidManifest.xml:32:17-50
148-->[:stripe_payment] AndroidManifest.xml:32:23-47
149            </intent-filter>
150        </activity>
151
152        <provider
152-->[:image_picker] AndroidManifest.xml:8:9-16:20
153            android:name="io.flutter.plugins.imagepicker.ImagePickerFileProvider"
153-->[:image_picker] AndroidManifest.xml:9:13-82
154            android:authorities="com.shinewash.flutter.image_provider"
154-->[:image_picker] AndroidManifest.xml:10:13-74
155            android:exported="false"
155-->[:image_picker] AndroidManifest.xml:11:13-37
156            android:grantUriPermissions="true" >
156-->[:image_picker] AndroidManifest.xml:12:13-47
157            <meta-data
157-->[:image_picker] AndroidManifest.xml:13:13-15:75
158                android:name="android.support.FILE_PROVIDER_PATHS"
158-->[:image_picker] AndroidManifest.xml:14:17-67
159                android:resource="@xml/flutter_image_picker_file_paths" />
159-->[:image_picker] AndroidManifest.xml:15:17-72
160        </provider>
161
162        <activity
162-->[:razorpay_flutter] AndroidManifest.xml:8:9-11:20
163            android:name="com.razorpay.CheckoutActivity"
163-->[:razorpay_flutter] AndroidManifest.xml:9:13-57
164            android:configChanges="keyboard|keyboardHidden|orientation|screenSize"
164-->[com.razorpay:checkout:1.6.10] AndroidManifest.xml:20:13-83
165            android:label="Razorpay Checkout"
165-->[:razorpay_flutter] AndroidManifest.xml:10:13-46
166            android:theme="@style/CheckoutTheme" >
166-->[com.razorpay:checkout:1.6.10] AndroidManifest.xml:21:13-49
167            <intent-filter>
167-->[com.razorpay:checkout:1.6.10] AndroidManifest.xml:22:13-28:29
168                <action android:name="android.intent.action.MAIN" />
168-->src\main\AndroidManifest.xml:44:17-68
168-->src\main\AndroidManifest.xml:44:25-66
169
170                <data
170-->[:stripe_payment] AndroidManifest.xml:32:17-50
171                    android:host="rzp.io"
172                    android:scheme="io.rzp" />
172-->[:stripe_payment] AndroidManifest.xml:32:23-47
173            </intent-filter>
174        </activity>
175
176        <service
176-->[:location] AndroidManifest.xml:11:9-15:56
177            android:name="com.lyokone.location.FlutterLocationService"
177-->[:location] AndroidManifest.xml:12:13-71
178            android:enabled="true"
178-->[:location] AndroidManifest.xml:13:13-35
179            android:exported="false"
179-->[:location] AndroidManifest.xml:14:13-37
180            android:foregroundServiceType="location" />
180-->[:location] AndroidManifest.xml:15:13-53
181
182        <receiver
182-->[com.onesignal:OneSignal:4.6.3] AndroidManifest.xml:49:9-60:20
183            android:name="com.onesignal.FCMBroadcastReceiver"
183-->[com.onesignal:OneSignal:4.6.3] AndroidManifest.xml:50:13-62
184            android:exported="true"
184-->[com.onesignal:OneSignal:4.6.3] AndroidManifest.xml:51:13-36
185            android:permission="com.google.android.c2dm.permission.SEND" >
185-->[com.onesignal:OneSignal:4.6.3] AndroidManifest.xml:52:13-73
186
187            <!-- High priority so OneSignal payloads can be filtered from other FCM receivers -->
188            <intent-filter android:priority="999" >
188-->[com.onesignal:OneSignal:4.6.3] AndroidManifest.xml:55:13-59:29
188-->[com.onesignal:OneSignal:4.6.3] AndroidManifest.xml:55:28-50
189                <action android:name="com.google.android.c2dm.intent.RECEIVE" />
189-->[com.onesignal:OneSignal:4.6.3] AndroidManifest.xml:56:17-81
189-->[com.onesignal:OneSignal:4.6.3] AndroidManifest.xml:56:25-78
190
191                <category android:name="com.shinewash" />
191-->[com.onesignal:OneSignal:4.6.3] AndroidManifest.xml:58:17-61
191-->[com.onesignal:OneSignal:4.6.3] AndroidManifest.xml:58:27-58
192            </intent-filter>
193        </receiver>
194
195        <service
195-->[com.onesignal:OneSignal:4.6.3] AndroidManifest.xml:62:9-68:19
196            android:name="com.onesignal.HmsMessageServiceOneSignal"
196-->[com.onesignal:OneSignal:4.6.3] AndroidManifest.xml:63:13-68
197            android:exported="false" >
197-->[com.onesignal:OneSignal:4.6.3] AndroidManifest.xml:64:13-37
198            <intent-filter>
198-->[com.onesignal:OneSignal:4.6.3] AndroidManifest.xml:65:13-67:29
199                <action android:name="com.huawei.push.action.MESSAGING_EVENT" />
199-->[com.onesignal:OneSignal:4.6.3] AndroidManifest.xml:66:17-81
199-->[com.onesignal:OneSignal:4.6.3] AndroidManifest.xml:66:25-78
200            </intent-filter>
201        </service>
202
203        <activity
203-->[com.onesignal:OneSignal:4.6.3] AndroidManifest.xml:70:9-78:20
204            android:name="com.onesignal.NotificationOpenedActivityHMS"
204-->[com.onesignal:OneSignal:4.6.3] AndroidManifest.xml:71:13-71
205            android:exported="true"
205-->[com.onesignal:OneSignal:4.6.3] AndroidManifest.xml:72:13-36
206            android:noHistory="true"
206-->[com.onesignal:OneSignal:4.6.3] AndroidManifest.xml:73:13-37
207            android:theme="@android:style/Theme.Translucent.NoTitleBar" >
207-->[com.onesignal:OneSignal:4.6.3] AndroidManifest.xml:74:13-72
208            <intent-filter>
208-->[com.onesignal:OneSignal:4.6.3] AndroidManifest.xml:75:13-77:29
209                <action android:name="android.intent.action.VIEW" />
209-->[:stripe_payment] AndroidManifest.xml:27:17-69
209-->[:stripe_payment] AndroidManifest.xml:27:25-66
210            </intent-filter>
211        </activity>
212
213        <service
213-->[com.onesignal:OneSignal:4.6.3] AndroidManifest.xml:80:9-82:40
214            android:name="com.onesignal.FCMIntentService"
214-->[com.onesignal:OneSignal:4.6.3] AndroidManifest.xml:81:13-58
215            android:exported="false" />
215-->[com.onesignal:OneSignal:4.6.3] AndroidManifest.xml:82:13-37
216        <service
216-->[com.onesignal:OneSignal:4.6.3] AndroidManifest.xml:83:9-86:72
217            android:name="com.onesignal.FCMIntentJobService"
217-->[com.onesignal:OneSignal:4.6.3] AndroidManifest.xml:84:13-61
218            android:exported="false"
218-->[com.onesignal:OneSignal:4.6.3] AndroidManifest.xml:85:13-37
219            android:permission="android.permission.BIND_JOB_SERVICE" />
219-->[com.onesignal:OneSignal:4.6.3] AndroidManifest.xml:86:13-69
220        <service
220-->[com.onesignal:OneSignal:4.6.3] AndroidManifest.xml:87:9-90:43
221            android:name="com.onesignal.FocusDelaySyncService"
221-->[com.onesignal:OneSignal:4.6.3] AndroidManifest.xml:88:13-63
222            android:exported="false"
222-->[com.onesignal:OneSignal:4.6.3] AndroidManifest.xml:89:13-37
223            android:stopWithTask="true" />
223-->[com.onesignal:OneSignal:4.6.3] AndroidManifest.xml:90:13-40
224        <service
224-->[com.onesignal:OneSignal:4.6.3] AndroidManifest.xml:91:9-94:72
225            android:name="com.onesignal.FocusDelaySyncJobService"
225-->[com.onesignal:OneSignal:4.6.3] AndroidManifest.xml:92:13-66
226            android:exported="false"
226-->[com.onesignal:OneSignal:4.6.3] AndroidManifest.xml:93:13-37
227            android:permission="android.permission.BIND_JOB_SERVICE" />
227-->[com.onesignal:OneSignal:4.6.3] AndroidManifest.xml:94:13-69
228        <service
228-->[com.onesignal:OneSignal:4.6.3] AndroidManifest.xml:95:9-98:43
229            android:name="com.onesignal.SyncService"
229-->[com.onesignal:OneSignal:4.6.3] AndroidManifest.xml:96:13-53
230            android:exported="false"
230-->[com.onesignal:OneSignal:4.6.3] AndroidManifest.xml:97:13-37
231            android:stopWithTask="true" />
231-->[com.onesignal:OneSignal:4.6.3] AndroidManifest.xml:98:13-40
232        <service
232-->[com.onesignal:OneSignal:4.6.3] AndroidManifest.xml:99:9-102:72
233            android:name="com.onesignal.SyncJobService"
233-->[com.onesignal:OneSignal:4.6.3] AndroidManifest.xml:100:13-56
234            android:exported="false"
234-->[com.onesignal:OneSignal:4.6.3] AndroidManifest.xml:101:13-37
235            android:permission="android.permission.BIND_JOB_SERVICE" />
235-->[com.onesignal:OneSignal:4.6.3] AndroidManifest.xml:102:13-69
236
237        <activity
237-->[com.onesignal:OneSignal:4.6.3] AndroidManifest.xml:104:9-107:75
238            android:name="com.onesignal.PermissionsActivity"
238-->[com.onesignal:OneSignal:4.6.3] AndroidManifest.xml:105:13-61
239            android:exported="false"
239-->[com.onesignal:OneSignal:4.6.3] AndroidManifest.xml:106:13-37
240            android:theme="@android:style/Theme.Translucent.NoTitleBar" />
240-->[com.onesignal:OneSignal:4.6.3] AndroidManifest.xml:107:13-72
241
242        <receiver
242-->[com.onesignal:OneSignal:4.6.3] AndroidManifest.xml:109:9-111:39
243            android:name="com.onesignal.NotificationDismissReceiver"
243-->[com.onesignal:OneSignal:4.6.3] AndroidManifest.xml:110:13-69
244            android:exported="true" />
244-->[com.onesignal:OneSignal:4.6.3] AndroidManifest.xml:111:13-36
245        <receiver
245-->[com.onesignal:OneSignal:4.6.3] AndroidManifest.xml:112:9-119:20
246            android:name="com.onesignal.BootUpReceiver"
246-->[com.onesignal:OneSignal:4.6.3] AndroidManifest.xml:113:13-56
247            android:exported="true" >
247-->[com.onesignal:OneSignal:4.6.3] AndroidManifest.xml:114:13-36
248            <intent-filter>
248-->[com.onesignal:OneSignal:4.6.3] AndroidManifest.xml:115:13-118:29
249                <action android:name="android.intent.action.BOOT_COMPLETED" />
249-->[com.onesignal:OneSignal:4.6.3] AndroidManifest.xml:116:17-79
249-->[com.onesignal:OneSignal:4.6.3] AndroidManifest.xml:116:25-76
250                <action android:name="android.intent.action.QUICKBOOT_POWERON" />
250-->[com.onesignal:OneSignal:4.6.3] AndroidManifest.xml:117:17-82
250-->[com.onesignal:OneSignal:4.6.3] AndroidManifest.xml:117:25-79
251            </intent-filter>
252        </receiver>
253        <receiver
253-->[com.onesignal:OneSignal:4.6.3] AndroidManifest.xml:120:9-126:20
254            android:name="com.onesignal.UpgradeReceiver"
254-->[com.onesignal:OneSignal:4.6.3] AndroidManifest.xml:121:13-57
255            android:exported="true" >
255-->[com.onesignal:OneSignal:4.6.3] AndroidManifest.xml:122:13-36
256            <intent-filter>
256-->[com.onesignal:OneSignal:4.6.3] AndroidManifest.xml:123:13-125:29
257                <action android:name="android.intent.action.MY_PACKAGE_REPLACED" />
257-->[com.onesignal:OneSignal:4.6.3] AndroidManifest.xml:124:17-84
257-->[com.onesignal:OneSignal:4.6.3] AndroidManifest.xml:124:25-81
258            </intent-filter>
259        </receiver>
260
261        <activity
261-->[com.onesignal:OneSignal:4.6.3] AndroidManifest.xml:128:9-134:75
262            android:name="com.onesignal.NotificationOpenedReceiver"
262-->[com.onesignal:OneSignal:4.6.3] AndroidManifest.xml:129:13-68
263            android:excludeFromRecents="true"
263-->[com.onesignal:OneSignal:4.6.3] AndroidManifest.xml:130:13-46
264            android:exported="true"
264-->[com.onesignal:OneSignal:4.6.3] AndroidManifest.xml:131:13-36
265            android:noHistory="true"
265-->[com.onesignal:OneSignal:4.6.3] AndroidManifest.xml:132:13-37
266            android:taskAffinity=""
266-->[com.onesignal:OneSignal:4.6.3] AndroidManifest.xml:133:13-36
267            android:theme="@android:style/Theme.Translucent.NoTitleBar" />
267-->[com.onesignal:OneSignal:4.6.3] AndroidManifest.xml:134:13-72
268        <activity
268-->[com.onesignal:OneSignal:4.6.3] AndroidManifest.xml:135:9-140:75
269            android:name="com.onesignal.NotificationOpenedReceiverAndroid22AndOlder"
269-->[com.onesignal:OneSignal:4.6.3] AndroidManifest.xml:136:13-85
270            android:excludeFromRecents="true"
270-->[com.onesignal:OneSignal:4.6.3] AndroidManifest.xml:137:13-46
271            android:exported="true"
271-->[com.onesignal:OneSignal:4.6.3] AndroidManifest.xml:138:13-36
272            android:noHistory="true"
272-->[com.onesignal:OneSignal:4.6.3] AndroidManifest.xml:139:13-37
273            android:theme="@android:style/Theme.Translucent.NoTitleBar" />
273-->[com.onesignal:OneSignal:4.6.3] AndroidManifest.xml:140:13-72
274        <activity
274-->[com.stripe:payments-core:16.10.0] AndroidManifest.xml:17:9-19:57
275            android:name="com.stripe.android.view.AddPaymentMethodActivity"
275-->[com.stripe:payments-core:16.10.0] AndroidManifest.xml:18:13-76
276            android:theme="@style/StripeDefaultTheme" />
276-->[com.stripe:payments-core:16.10.0] AndroidManifest.xml:19:13-54
277        <activity
277-->[com.stripe:payments-core:16.10.0] AndroidManifest.xml:20:9-22:57
278            android:name="com.stripe.android.view.PaymentMethodsActivity"
278-->[com.stripe:payments-core:16.10.0] AndroidManifest.xml:21:13-74
279            android:theme="@style/StripeDefaultTheme" />
279-->[com.stripe:payments-core:16.10.0] AndroidManifest.xml:22:13-54
280        <activity
280-->[com.stripe:payments-core:16.10.0] AndroidManifest.xml:23:9-25:57
281            android:name="com.stripe.android.view.PaymentFlowActivity"
281-->[com.stripe:payments-core:16.10.0] AndroidManifest.xml:24:13-71
282            android:theme="@style/StripeDefaultTheme" />
282-->[com.stripe:payments-core:16.10.0] AndroidManifest.xml:25:13-54
283        <activity
283-->[com.stripe:payments-core:16.10.0] AndroidManifest.xml:26:9-29:58
284            android:name="com.stripe.android.view.PaymentAuthWebViewActivity"
284-->[com.stripe:payments-core:16.10.0] AndroidManifest.xml:27:13-78
285            android:theme="@style/StripeDefaultTheme"
285-->[com.stripe:payments-core:16.10.0] AndroidManifest.xml:28:13-54
286            android:windowSoftInputMode="adjustResize" />
286-->[com.stripe:payments-core:16.10.0] AndroidManifest.xml:29:13-55
287        <activity
287-->[com.stripe:payments-core:16.10.0] AndroidManifest.xml:30:9-32:61
288            android:name="com.stripe.android.view.PaymentRelayActivity"
288-->[com.stripe:payments-core:16.10.0] AndroidManifest.xml:31:13-72
289            android:theme="@style/StripeTransparentTheme" />
289-->[com.stripe:payments-core:16.10.0] AndroidManifest.xml:32:13-58
290        <!--
291        Set android:launchMode="singleTop" so that the StripeBrowserLauncherActivity instance that
292        launched the browser Activity will also handle the return URL deep link.
293        -->
294        <activity
294-->[com.stripe:payments-core:16.10.0] AndroidManifest.xml:38:9-54:20
295            android:name="com.stripe.android.payments.StripeBrowserLauncherActivity"
295-->[com.stripe:payments-core:16.10.0] AndroidManifest.xml:39:13-85
296            android:launchMode="singleTop"
296-->[com.stripe:payments-core:16.10.0] AndroidManifest.xml:40:13-43
297            android:theme="@style/StripeTransparentTheme" >
297-->[com.stripe:payments-core:16.10.0] AndroidManifest.xml:41:13-58
298            <intent-filter>
298-->[com.stripe:payments-core:16.10.0] AndroidManifest.xml:42:13-53:29
299                <action android:name="android.intent.action.VIEW" />
299-->[:stripe_payment] AndroidManifest.xml:27:17-69
299-->[:stripe_payment] AndroidManifest.xml:27:25-66
300
301                <category android:name="android.intent.category.DEFAULT" />
301-->[:stripe_payment] AndroidManifest.xml:29:17-76
301-->[:stripe_payment] AndroidManifest.xml:29:27-73